#
# A fatal error has been detected by the Java Runtime Environment:
#
#  SIGSEGV (0xb) at pc=0x00007f7170e57d16, pid=8426, tid=0x00007f714062d700
#
# JRE version: Java(TM) SE Runtime Environment (8.0_101-b13) (build 1.8.0_101-b13)
# Java VM: Java HotSpot(TM) 64-Bit Server VM (25.101-b13 mixed mode linux-amd64 compressed oops)
# Problematic frame:
# C  [libc.so.6+0x8ad16]  strlen+0x26
#
# Failed to write core dump. Core dumps have been disabled. To enable core dumping, try "ulimit -c unlimited" before starting Java again
#
# If you would like to submit a bug report, please visit:
#   http://bugreport.java.com/bugreport/crash.jsp
# The crash happened outside the Java Virtual Machine in native code.
# See problematic frame for where to report the bug.
#

---------------  T H R E A D  ---------------

Current thread (0x00007f70ec001800):  JavaThread "http-nio-9001-exec-1" daemon [_thread_in_native, id=8464, stack(0x00007f714052d000,0x00007f714062e000)]

siginfo: si_signo: 11 (SIGSEGV), si_code: 1 (SEGV_MAPERR), si_addr: 0x0000000000000000

Registers:
RAX=0x0000000000000000, RBX=0x0000000000000000, RCX=0x0000000000000000, RDX=0x0000000000000006
RSP=0x00007f714062a2d8, RBP=0x00007f70e80d6320, RSI=0x0000000000000000, RDI=0x0000000000000000
R8 =0x00007f70e80d6320, R9 =0x00007f7140315180, R10=0x0000000000000309, R11=0x00007f7170e57cf0
R12=0x0000000000000000, R13=0x00007f70e80d6320, R14=0x00007f714062a3e8, R15=0x00007f70ec001800
RIP=0x00007f7170e57d16, EFLAGS=0x0000000000010293, CSGSFS=0x0000000000000033, ERR=0x0000000000000004
  TRAPNO=0x000000000000000e

Top of Stack: (sp=0x00007f714062a2d8)
0x00007f714062a2d8:   00007f71400b09d5 00007f714062a330
0x00007f714062a2e8:   0000000000000000 00007f70ec0019f8
0x00007f714062a2f8:   0000000000000000 00007f70e80d6320
0x00007f714062a308:   00007f71403226ae 00007f714062a350
0x00007f714062a318:   00007f71406d98e0 0000000000000000
0x00007f714062a328:   00007f71406d98e0 00007f714062a3b0
0x00007f714062a338:   0000000000000000 00007f71406d98e0
0x00007f714062a348:   00007f7159017a14 00007f714062a3b0
0x00007f714062a358:   00007f7159017799 00007f70ec001800
0x00007f714062a368:   00007f7159017762 00007f714062a370
0x00007f714062a378:   00007f71406d98e0 00007f714062a3e8
0x00007f714062a388:   00007f71406db3b8 0000000000000000
0x00007f714062a398:   00007f71406d98e0 0000000000000000
0x00007f714062a3a8:   00007f714062a3d0 00007f714062a430
0x00007f714062a3b8:   00007f7159007dd0 00000000d6d00020
0x00007f714062a3c8:   00007f7159011537 0000000000000000
0x00007f714062a3d8:   00000000d6d00c78 00007f70e80d6320
0x00007f714062a3e8:   00000000d6d00c78 00007f714062a3f0
0x00007f714062a3f8:   00007f71406d5b4e 00007f714062a458
0x00007f714062a408:   00007f71406d5c78 0000000000000000
0x00007f714062a418:   00007f71406d5b70 00007f714062a3d0
0x00007f714062a428:   00007f714062a450 00007f714062a4b0
0x00007f714062a438:   00007f7159008040 0000000000000000
0x00007f714062a448:   0000000000000000 0000000000000000
0x00007f714062a458:   00000000d6d00c78 00000000d6d04740
0x00007f714062a468:   00000000d6d04740 00007f714062a470
0x00007f714062a478:   00007f71406d4366 00007f714062a4c8
0x00007f714062a488:   00007f71406d5c78 0000000000000000
0x00007f714062a498:   00007f71406d4378 00007f714062a450
0x00007f714062a4a8:   00007f714062a4c0 00007f714062a510
0x00007f714062a4b8:   00007f7159008040 0000000000000000
0x00007f714062a4c8:   00000000d6d00c78 00007f714062a4d0 

Instructions: (pc=0x00007f7170e57d16)
0x00007f7170e57cf6:   ef c9 66 0f ef d2 66 0f ef db 48 89 f8 48 89 f9
0x00007f7170e57d06:   48 81 e1 ff 0f 00 00 48 81 f9 cf 0f 00 00 77 6a
0x00007f7170e57d16:   f3 0f 6f 20 66 0f 74 e0 66 0f d7 d4 85 d2 74 04
0x00007f7170e57d26:   0f bc c2 c3 48 83 e0 f0 66 0f 74 48 10 66 0f 74 

Register to memory mapping:

RAX=0x0000000000000000 is an unknown value
RBX=0x0000000000000000 is an unknown value
RCX=0x0000000000000000 is an unknown value
RDX=0x0000000000000006 is an unknown value
RSP=0x00007f714062a2d8 is pointing into the stack for thread: 0x00007f70ec001800
RBP=0x00007f70e80d6320 is an unknown value
RSI=0x0000000000000000 is an unknown value
RDI=0x0000000000000000 is an unknown value
R8 =0x00007f70e80d6320 is an unknown value
R9 =0x00007f7140315180: _ZTIN8morfeusz8MorfeuszE+0 in /usr/lib/libmorfeusz2.so at 0x00007f714008a000
R10=0x0000000000000309 is an unknown value
R11=0x00007f7170e57cf0: strlen+0 in /lib/x86_64-linux-gnu/libc.so.6 at 0x00007f7170dcd000
R12=0x0000000000000000 is an unknown value
R13=0x00007f70e80d6320 is an unknown value
R14=0x00007f714062a3e8 is pointing into the stack for thread: 0x00007f70ec001800
R15=0x00007f70ec001800 is a thread


Stack: [0x00007f714052d000,0x00007f714062e000],  sp=0x00007f714062a2d8,  free space=1012k
Native frames: (J=compiled Java code, j=interpreted, Vv=VM code, C=native code)
C  [libc.so.6+0x8ad16]  strlen+0x26

Java frames: (J=compiled Java code, j=interpreted, Vv=VM code)
j  pl.sgjp.morfeusz.MorfeuszWrapperJNI.Morfeusz__analyseAsIterator(JLpl/sgjp/morfeusz/Morfeusz;Ljava/lang/String;)J+0
j  pl.sgjp.morfeusz.Morfeusz._analyseAsIterator(Ljava/lang/String;)Lpl/sgjp/morfeusz/_ResultsIterator;+6
j  pl.sgjp.morfeusz.Morfeusz.analyseAsIterator(Ljava/lang/String;)Lpl/sgjp/morfeusz/ResultsIterator;+6
j  uek.dev.morpheus.Morpheus.getResult(Luek/dev/sample/Sample;)Ljava/util/ArrayList;+7
j  uek.dev.result.Result.<init>(Luek/dev/sample/Sample;)V+38
j  uek.dev.controllers.ResultController.sendSample(Luek/dev/sample/Sample;)Lorg/springframework/http/ResponseEntity;+5
v  ~StubRoutines::call_stub
J 2223  sun.reflect.NativeMethodAccessorImpl.invoke0(Ljava/lang/reflect/Method;Ljava/lang/Object;[Ljava/lang/Object;)Ljava/lang/Object; (0 bytes) @ 0x00007f715979ea77 [0x00007f715979ea00+0x77]
J 2222 C1 sun.reflect.NativeMethodAccessorImpl.invoke(Ljava/lang/Object;[Ljava/lang/Object;)Ljava/lang/Object; (104 bytes) @ 0x00007f71597a268c [0x00007f71597a1500+0x118c]
J 2985 C2 java.lang.reflect.Method.invoke(Ljava/lang/Object;[Ljava/lang/Object;)Ljava/lang/Object; (62 bytes) @ 0x00007f7159a53b60 [0x00007f7159a53ac0+0xa0]
j  org.springframework.web.method.support.InvocableHandlerMethod.doInvoke([Ljava/lang/Object;)Ljava/lang/Object;+16
j  org.springframework.web.method.support.InvocableHandlerMethod.invokeForRequest(Lorg/springframework/web/context/request/NativeWebRequest;Lorg/springframework/web/method/support/ModelAndViewContainer;[Ljava/lang/Object;)Ljava/lang/Object;+96
j  org.springframework.web.servlet.mvc.method.annotation.ServletInvocableHandlerMethod.invokeAndHandle(Lorg/springframework/web/context/request/ServletWebRequest;Lorg/springframework/web/method/support/ModelAndViewContainer;[Ljava/lang/Object;)V+4
j  org.springframework.web.servlet.mvc.method.annotation.RequestMappingHandlerAdapter.invokeHandlerMethod(Ljavax/servlet/http/HttpServletRequest;Ljavax/servlet/http/HttpServletResponse;Lorg/springframework/web/method/HandlerMethod;)Lorg/springframework/web/servlet/ModelAndView;+262
j  org.springframework.web.servlet.mvc.method.annotation.RequestMappingHandlerAdapter.handleInternal(Ljavax/servlet/http/HttpServletRequest;Ljavax/servlet/http/HttpServletResponse;Lorg/springframework/web/method/HandlerMethod;)Lorg/springframework/web/servlet/ModelAndView;+81
j  org.springframework.web.servlet.mvc.method.AbstractHandlerMethodAdapter.handle(Ljavax/servlet/http/HttpServletRequest;Ljavax/servlet/http/HttpServletResponse;Ljava/lang/Object;)Lorg/springframework/web/servlet/ModelAndView;+7
j  org.springframework.web.servlet.DispatcherServlet.doDispatch(Ljavax/servlet/http/HttpServletRequest;Ljavax/servlet/http/HttpServletResponse;)V+318
j  org.springframework.web.servlet.DispatcherServlet.doService(Ljavax/servlet/http/HttpServletRequest;Ljavax/servlet/http/HttpServletResponse;)V+301
j  org.springframework.web.servlet.FrameworkServlet.processRequest(Ljavax/servlet/http/HttpServletRequest;Ljavax/servlet/http/HttpServletResponse;)V+71
j  org.springframework.web.servlet.FrameworkServlet.doPost(Ljavax/servlet/http/HttpServletRequest;Ljavax/servlet/http/HttpServletResponse;)V+3
j  javax.servlet.http.HttpServlet.service(Ljavax/servlet/http/HttpServletRequest;Ljavax/servlet/http/HttpServletResponse;)V+149
j  org.springframework.web.servlet.FrameworkServlet.service(Ljavax/servlet/http/HttpServletRequest;Ljavax/servlet/http/HttpServletResponse;)V+33
j  javax.servlet.http.HttpServlet.service(Ljavax/servlet/ServletRequest;Ljavax/servlet/ServletResponse;)V+30
j  org.apache.catalina.core.ApplicationFilterChain.internalDoFilter(Ljavax/servlet/ServletRequest;Ljavax/servlet/ServletResponse;)V+304
j  org.apache.catalina.core.ApplicationFilterChain.doFilter(Ljavax/servlet/ServletRequest;Ljavax/servlet/ServletResponse;)V+101
j  org.apache.tomcat.websocket.server.WsFilter.doFilter(Ljavax/servlet/ServletRequest;Ljavax/servlet/ServletResponse;Ljavax/servlet/FilterChain;)V+21
j  org.apache.catalina.core.ApplicationFilterChain.internalDoFilter(Ljavax/servlet/ServletRequest;Ljavax/servlet/ServletResponse;)V+135
j  org.apache.catalina.core.ApplicationFilterChain.doFilter(Ljavax/servlet/ServletRequest;Ljavax/servlet/ServletResponse;)V+101
j  org.springframework.web.filter.RequestContextFilter.doFilterInternal(Ljavax/servlet/http/HttpServletRequest;Ljavax/servlet/http/HttpServletResponse;Ljavax/servlet/FilterChain;)V+21
j  org.springframework.web.filter.OncePerRequestFilter.doFilter(Ljavax/servlet/ServletRequest;Ljavax/servlet/ServletResponse;Ljavax/servlet/FilterChain;)V+111
j  org.apache.catalina.core.ApplicationFilterChain.internalDoFilter(Ljavax/servlet/ServletRequest;Ljavax/servlet/ServletResponse;)V+135
j  org.apache.catalina.core.ApplicationFilterChain.doFilter(Ljavax/servlet/ServletRequest;Ljavax/servlet/ServletResponse;)V+101
j  org.springframework.web.filter.HttpPutFormContentFilter.doFilterInternal(Ljavax/servlet/http/HttpServletRequest;Ljavax/servlet/http/HttpServletResponse;Ljavax/servlet/FilterChain;)V+87
j  org.springframework.web.filter.OncePerRequestFilter.doFilter(Ljavax/servlet/ServletRequest;Ljavax/servlet/ServletResponse;Ljavax/servlet/FilterChain;)V+111
j  org.apache.catalina.core.ApplicationFilterChain.internalDoFilter(Ljavax/servlet/ServletRequest;Ljavax/servlet/ServletResponse;)V+135
j  org.apache.catalina.core.ApplicationFilterChain.doFilter(Ljavax/servlet/ServletRequest;Ljavax/servlet/ServletResponse;)V+101
j  org.springframework.web.filter.HiddenHttpMethodFilter.doFilterInternal(Ljavax/servlet/http/HttpServletRequest;Ljavax/servlet/http/HttpServletResponse;Ljavax/servlet/FilterChain;)V+71
j  org.springframework.web.filter.OncePerRequestFilter.doFilter(Ljavax/servlet/ServletRequest;Ljavax/servlet/ServletResponse;Ljavax/servlet/FilterChain;)V+111
j  org.apache.catalina.core.ApplicationFilterChain.internalDoFilter(Ljavax/servlet/ServletRequest;Ljavax/servlet/ServletResponse;)V+135
j  org.apache.catalina.core.ApplicationFilterChain.doFilter(Ljavax/servlet/ServletRequest;Ljavax/servlet/ServletResponse;)V+101
j  org.springframework.web.filter.CharacterEncodingFilter.doFilterInternal(Ljavax/servlet/http/HttpServletRequest;Ljavax/servlet/http/HttpServletResponse;Ljavax/servlet/FilterChain;)V+53
j  org.springframework.web.filter.OncePerRequestFilter.doFilter(Ljavax/servlet/ServletRequest;Ljavax/servlet/ServletResponse;Ljavax/servlet/FilterChain;)V+111
j  org.apache.catalina.core.ApplicationFilterChain.internalDoFilter(Ljavax/servlet/ServletRequest;Ljavax/servlet/ServletResponse;)V+135
j  org.apache.catalina.core.ApplicationFilterChain.doFilter(Ljavax/servlet/ServletRequest;Ljavax/servlet/ServletResponse;)V+101
j  org.apache.catalina.core.StandardWrapperValve.invoke(Lorg/apache/catalina/connector/Request;Lorg/apache/catalina/connector/Response;)V+688
j  org.apache.catalina.core.StandardContextValve.invoke(Lorg/apache/catalina/connector/Request;Lorg/apache/catalina/connector/Response;)V+166
j  org.apache.catalina.authenticator.AuthenticatorBase.invoke(Lorg/apache/catalina/connector/Request;Lorg/apache/catalina/connector/Response;)V+275
j  org.apache.catalina.core.StandardHostValve.invoke(Lorg/apache/catalina/connector/Request;Lorg/apache/catalina/connector/Response;)V+135
j  org.apache.catalina.valves.ErrorReportValve.invoke(Lorg/apache/catalina/connector/Request;Lorg/apache/catalina/connector/Response;)V+6
j  org.apache.catalina.core.StandardEngineValve.invoke(Lorg/apache/catalina/connector/Request;Lorg/apache/catalina/connector/Response;)V+71
j  org.apache.catalina.connector.CoyoteAdapter.service(Lorg/apache/coyote/Request;Lorg/apache/coyote/Response;)V+199
j  org.apache.coyote.http11.Http11Processor.service(Lorg/apache/tomcat/util/net/SocketWrapperBase;)Lorg/apache/tomcat/util/net/AbstractEndpoint$Handler$SocketState;+806
j  org.apache.coyote.AbstractProcessorLight.process(Lorg/apache/tomcat/util/net/SocketWrapperBase;Lorg/apache/tomcat/util/net/SocketEvent;)Lorg/apache/tomcat/util/net/AbstractEndpoint$Handler$SocketState;+106
j  org.apache.coyote.AbstractProtocol$ConnectionHandler.process(Lorg/apache/tomcat/util/net/SocketWrapperBase;Lorg/apache/tomcat/util/net/SocketEvent;)Lorg/apache/tomcat/util/net/AbstractEndpoint$Handler$SocketState;+295
j  org.apache.tomcat.util.net.NioEndpoint$SocketProcessor.doRun()V+191
j  org.apache.tomcat.util.net.SocketProcessorBase.run()V+21
j  java.util.concurrent.ThreadPoolExecutor.runWorker(Ljava/util/concurrent/ThreadPoolExecutor$Worker;)V+95
j  java.util.concurrent.ThreadPoolExecutor$Worker.run()V+5
j  org.apache.tomcat.util.threads.TaskThread$WrappingRunnable.run()V+4
j  java.lang.Thread.run()V+11
v  ~StubRoutines::call_stub

---------------  P R O C E S S  ---------------

Java Threads: ( => current thread )
=>0x00007f70ec001800 JavaThread "http-nio-9001-exec-1" daemon [_thread_in_native, id=8464, stack(0x00007f714052d000,0x00007f714062e000)]
  0x00007f716800d000 JavaThread "DestroyJavaVM" [_thread_blocked, id=8427, stack(0x00007f71718c1000,0x00007f71719c2000)]
  0x00007f71688e3800 JavaThread "http-nio-9001-AsyncTimeout" daemon [_thread_blocked, id=8461, stack(0x00007f71408bb000,0x00007f71409bc000)]
  0x00007f71688e1800 JavaThread "http-nio-9001-Acceptor-0" daemon [_thread_in_native, id=8460, stack(0x00007f71409bc000,0x00007f7140abd000)]
  0x00007f716868e800 JavaThread "http-nio-9001-ClientPoller-1" daemon [_thread_in_native, id=8459, stack(0x00007f7140abd000,0x00007f7140bbe000)]
  0x00007f716868d000 JavaThread "http-nio-9001-ClientPoller-0" daemon [_thread_in_native, id=8458, stack(0x00007f7140bbe000,0x00007f7140cbf000)]
  0x00007f7168689800 JavaThread "NioBlockingSelector.BlockPoller-1" daemon [_thread_in_native, id=8457, stack(0x00007f7140cbf000,0x00007f7140dc0000)]
  0x00007f7168bff800 JavaThread "pool-3-thread-1" daemon [_thread_blocked, id=8456, stack(0x00007f714161d000,0x00007f714171e000)]
  0x00007f7168bfe800 JavaThread "cluster-ClusterId{value='58068c77fb6f8620ea9e3741', description='null'}-ds013206.mlab.com:13206" daemon [_thread_blocked, id=8455, stack(0x00007f714171e000,0x00007f714181f000)]
  0x00007f7168baa800 JavaThread "pool-2-thread-1" daemon [_thread_blocked, id=8454, stack(0x00007f7141e44000,0x00007f7141f45000)]
  0x00007f7168b9b800 JavaThread "cluster-ClusterId{value='58068c77fb6f8620ea9e3740', description='null'}-ds013206.mlab.com:13206" daemon [_thread_blocked, id=8453, stack(0x00007f7141f45000,0x00007f7142046000)]
  0x00007f7168b0e000 JavaThread "container-0" [_thread_blocked, id=8452, stack(0x00007f7142246000,0x00007f7142347000)]
  0x00007f7168b20000 JavaThread "ContainerBackgroundProcessor[StandardEngine[Tomcat]]" daemon [_thread_blocked, id=8451, stack(0x00007f7142537000,0x00007f7142638000)]
  0x00007f7114217000 JavaThread "localhost-startStop-1" daemon [_thread_blocked, id=8450, stack(0x00007f7142347000,0x00007f7142448000)]
  0x00007f7168b1f000 JavaThread "Tomcat-startStop-1" daemon [_thread_blocked, id=8449, stack(0x00007f715002e000,0x00007f715012f000)]
  0x00007f71680c3800 JavaThread "Service Thread" daemon [_thread_blocked, id=8443, stack(0x00007f71580ec000,0x00007f71581ed000)]
  0x00007f71680c0800 JavaThread "C1 CompilerThread2" daemon [_thread_blocked, id=8442, stack(0x00007f71581ed000,0x00007f71582ee000)]
  0x00007f71680be800 JavaThread "C2 CompilerThread1" daemon [_thread_in_native, id=8441, stack(0x00007f71582ee000,0x00007f71583ef000)]
  0x00007f71680bb800 JavaThread "C2 CompilerThread0" daemon [_thread_in_native, id=8440, stack(0x00007f71583ef000,0x00007f71584f0000)]
  0x00007f71680ba000 JavaThread "Signal Dispatcher" daemon [_thread_blocked, id=8439, stack(0x00007f71584f0000,0x00007f71585f1000)]
  0x00007f7168087000 JavaThread "Finalizer" daemon [_thread_blocked, id=8438, stack(0x00007f71589fa000,0x00007f7158afb000)]
  0x00007f7168082800 JavaThread "Reference Handler" daemon [_thread_blocked, id=8437, stack(0x00007f7158afb000,0x00007f7158bfc000)]

Other Threads:
  0x00007f716807b000 VMThread [stack: 0x00007f7158bfc000,0x00007f7158cfd000] [id=8436]
  0x00007f71680c6000 WatcherThread [stack: 0x00007f715012f000,0x00007f7150230000] [id=8444]

VM state:not at safepoint (normal execution)

VM Mutex/Monitor currently owned by a thread: None

Heap:
 PSYoungGen      total 193536K, used 1548K [0x00000000d6d00000, 0x00000000e3a80000, 0x0000000100000000)
  eden space 181248K, 0% used [0x00000000d6d00000,0x00000000d6e83310,0x00000000e1e00000)
  from space 12288K, 0% used [0x00000000e2e80000,0x00000000e2e80000,0x00000000e3a80000)
  to   space 14336K, 0% used [0x00000000e1e80000,0x00000000e1e80000,0x00000000e2c80000)
 ParOldGen       total 101888K, used 19916K [0x0000000084600000, 0x000000008a980000, 0x00000000d6d00000)
  object space 101888K, 19% used [0x0000000084600000,0x0000000085973118,0x000000008a980000)
 Metaspace       used 34909K, capacity 35276K, committed 35752K, reserved 1081344K
  class space    used 4412K, capacity 4546K, committed 4608K, reserved 1048576K

Card table byte_map: [0x00007f716e29a000,0x00007f716e678000] byte_map_base: 0x00007f716de77000

Marking Bits: (ParMarkBitMap*) 0x00007f7170da0120
 Begin Bits: [0x00007f7150230000, 0x00007f7152118000)
 End Bits:   [0x00007f7152118000, 0x00007f7154000000)

Polling page: 0x00007f71719ef000

CodeCache: size=245760Kb used=10878Kb max_used=10880Kb free=234881Kb
 bounds [0x00007f7159000000, 0x00007f7159ad0000, 0x00007f7168000000]
 total_blobs=3599 nmethods=3158 adapters=353
 compilation: enabled

Compilation events (10 events):
Event: 6,885 Thread 0x00007f71680c0800 3703       2       org.hibernate.validator.internal.metadata.raw.ExecutableElement$MethodElement::getSimpleName (8 bytes)
Event: 6,885 Thread 0x00007f71680c0800 nmethod 3703 0x00007f71592ac010 code [0x00007f71592ac160, 0x00007f71592ac2b0]
Event: 6,885 Thread 0x00007f71680c0800 3704       2       org.hibernate.validator.internal.metadata.aggregated.AbstractConstraintMetaData::toString (100 bytes)
Event: 6,886 Thread 0x00007f71680c0800 nmethod 3704 0x00007f71595236d0 code [0x00007f7159523940, 0x00007f7159523f38]
Event: 6,886 Thread 0x00007f71680c0800 3705       2       org.hibernate.validator.internal.metadata.aggregated.MetaDataBuilder::addGroupConversions (130 bytes)
Event: 6,887 Thread 0x00007f71680c0800 nmethod 3705 0x00007f7159177510 code [0x00007f7159177780, 0x00007f7159177f68]
Event: 6,888 Thread 0x00007f71680c0800 3706       2       org.hibernate.validator.internal.metadata.aggregated.ExecutableMetaData$Builder::assertCorrectnessOfConfiguration (135 bytes)
Event: 6,889 Thread 0x00007f71680c0800 nmethod 3706 0x00007f71598fd5d0 code [0x00007f71598fd820, 0x00007f71598fdef8]
Event: 6,890 Thread 0x00007f71680c0800 3707       2       java.util.jar.JarVerifier::beginEntry (233 bytes)
Event: 6,891 Thread 0x00007f71680c0800 nmethod 3707 0x00007f715936ce10 code [0x00007f715936d0c0, 0x00007f715936d8f8]

GC Heap History (10 events):
Event: 3,183 GC heap before
{Heap before GC invocations=6 (full 0):
 PSYoungGen      total 68608K, used 35730K [0x00000000d6d00000, 0x00000000e0200000, 0x0000000100000000)
  eden space 63488K, 48% used [0x00000000d6d00000,0x00000000d8aebfd8,0x00000000dab00000)
  from space 5120K, 99% used [0x00000000dab00000,0x00000000daff8920,0x00000000db000000)
  to   space 12800K, 0% used [0x00000000df580000,0x00000000df580000,0x00000000e0200000)
 ParOldGen       total 84992K, used 16091K [0x0000000084600000, 0x0000000089900000, 0x00000000d6d00000)
  object space 84992K, 18% used [0x0000000084600000,0x00000000855b6f10,0x0000000089900000)
 Metaspace       used 20951K, capacity 21202K, committed 21296K, reserved 1069056K
  class space    used 2581K, capacity 2666K, committed 2688K, reserved 1048576K
Event: 3,207 GC heap after
Heap after GC invocations=6 (full 0):
 PSYoungGen      total 137728K, used 8127K [0x00000000d6d00000, 0x00000000e0000000, 0x0000000100000000)
  eden space 126976K, 0% used [0x00000000d6d00000,0x00000000d6d00000,0x00000000de900000)
  from space 10752K, 75% used [0x00000000df580000,0x00000000dfd6fc68,0x00000000e0000000)
  to   space 11776K, 0% used [0x00000000de900000,0x00000000de900000,0x00000000df480000)
 ParOldGen       total 84992K, used 16099K [0x0000000084600000, 0x0000000089900000, 0x00000000d6d00000)
  object space 84992K, 18% used [0x0000000084600000,0x00000000855b8f10,0x0000000089900000)
 Metaspace       used 20951K, capacity 21202K, committed 21296K, reserved 1069056K
  class space    used 2581K, capacity 2666K, committed 2688K, reserved 1048576K
}
Event: 3,207 GC heap before
{Heap before GC invocations=7 (full 1):
 PSYoungGen      total 137728K, used 8127K [0x00000000d6d00000, 0x00000000e0000000, 0x0000000100000000)
  eden space 126976K, 0% used [0x00000000d6d00000,0x00000000d6d00000,0x00000000de900000)
  from space 10752K, 75% used [0x00000000df580000,0x00000000dfd6fc68,0x00000000e0000000)
  to   space 11776K, 0% used [0x00000000de900000,0x00000000de900000,0x00000000df480000)
 ParOldGen       total 84992K, used 16099K [0x0000000084600000, 0x0000000089900000, 0x00000000d6d00000)
  object space 84992K, 18% used [0x0000000084600000,0x00000000855b8f10,0x0000000089900000)
 Metaspace       used 20951K, capacity 21202K, committed 21296K, reserved 1069056K
  class space    used 2581K, capacity 2666K, committed 2688K, reserved 1048576K
Event: 3,338 GC heap after
Heap after GC invocations=7 (full 1):
 PSYoungGen      total 137728K, used 0K [0x00000000d6d00000, 0x00000000e0000000, 0x0000000100000000)
  eden space 126976K, 0% used [0x00000000d6d00000,0x00000000d6d00000,0x00000000de900000)
  from space 10752K, 0% used [0x00000000df580000,0x00000000df580000,0x00000000e0000000)
  to   space 11776K, 0% used [0x00000000de900000,0x00000000de900000,0x00000000df480000)
 ParOldGen       total 68096K, used 12183K [0x0000000084600000, 0x0000000088880000, 0x00000000d6d00000)
  object space 68096K, 17% used [0x0000000084600000,0x00000000851e5fa8,0x0000000088880000)
 Metaspace       used 20951K, capacity 21202K, committed 21296K, reserved 1069056K
  class space    used 2581K, capacity 2666K, committed 2688K, reserved 1048576K
}
Event: 5,247 GC heap before
{Heap before GC invocations=8 (full 1):
 PSYoungGen      total 137728K, used 126976K [0x00000000d6d00000, 0x00000000e0000000, 0x0000000100000000)
  eden space 126976K, 100% used [0x00000000d6d00000,0x00000000de900000,0x00000000de900000)
  from space 10752K, 0% used [0x00000000df580000,0x00000000df580000,0x00000000e0000000)
  to   space 11776K, 0% used [0x00000000de900000,0x00000000de900000,0x00000000df480000)
 ParOldGen       total 68096K, used 12183K [0x0000000084600000, 0x0000000088880000, 0x00000000d6d00000)
  object space 68096K, 17% used [0x0000000084600000,0x00000000851e5fa8,0x0000000088880000)
 Metaspace       used 29696K, capacity 30016K, committed 30336K, reserved 1075200K
  class space    used 3768K, capacity 3863K, committed 3968K, reserved 1048576K
Event: 5,272 GC heap after
Heap after GC invocations=8 (full 1):
 PSYoungGen      total 138752K, used 11769K [0x00000000d6d00000, 0x00000000e3b80000, 0x0000000100000000)
  eden space 126976K, 0% used [0x00000000d6d00000,0x00000000d6d00000,0x00000000de900000)
  from space 11776K, 99% used [0x00000000de900000,0x00000000df47e4b0,0x00000000df480000)
  to   space 13312K, 0% used [0x00000000e2e80000,0x00000000e2e80000,0x00000000e3b80000)
 ParOldGen       total 68096K, used 12580K [0x0000000084600000, 0x0000000088880000, 0x00000000d6d00000)
  object space 68096K, 18% used [0x0000000084600000,0x0000000085249038,0x0000000088880000)
 Metaspace       used 29696K, capacity 30016K, committed 30336K, reserved 1075200K
  class space    used 3768K, capacity 3863K, committed 3968K, reserved 1048576K
}
Event: 6,894 GC heap before
{Heap before GC invocations=9 (full 1):
 PSYoungGen      total 138752K, used 103314K [0x00000000d6d00000, 0x00000000e3b80000, 0x0000000100000000)
  eden space 126976K, 72% used [0x00000000d6d00000,0x00000000dc666440,0x00000000de900000)
  from space 11776K, 99% used [0x00000000de900000,0x00000000df47e4b0,0x00000000df480000)
  to   space 13312K, 0% used [0x00000000e2e80000,0x00000000e2e80000,0x00000000e3b80000)
 ParOldGen       total 68096K, used 12580K [0x0000000084600000, 0x0000000088880000, 0x00000000d6d00000)
  object space 68096K, 18% used [0x0000000084600000,0x0000000085249038,0x0000000088880000)
 Metaspace       used 34904K, capacity 35212K, committed 35496K, reserved 1081344K
  class space    used 4411K, capacity 4546K, committed 4608K, reserved 1048576K
Event: 6,926 GC heap after
Heap after GC invocations=9 (full 1):
 PSYoungGen      total 193536K, used 11971K [0x00000000d6d00000, 0x00000000e3a80000, 0x0000000100000000)
  eden space 181248K, 0% used [0x00000000d6d00000,0x00000000d6d00000,0x00000000e1e00000)
  from space 12288K, 97% used [0x00000000e2e80000,0x00000000e3a30de0,0x00000000e3a80000)
  to   space 14336K, 0% used [0x00000000e1e80000,0x00000000e1e80000,0x00000000e2c80000)
 ParOldGen       total 68096K, used 12588K [0x0000000084600000, 0x0000000088880000, 0x00000000d6d00000)
  object space 68096K, 18% used [0x0000000084600000,0x000000008524b038,0x0000000088880000)
 Metaspace       used 34904K, capacity 35212K, committed 35496K, reserved 1081344K
  class space    used 4411K, capacity 4546K, committed 4608K, reserved 1048576K
}
Event: 6,926 GC heap before
{Heap before GC invocations=10 (full 2):
 PSYoungGen      total 193536K, used 11971K [0x00000000d6d00000, 0x00000000e3a80000, 0x0000000100000000)
  eden space 181248K, 0% used [0x00000000d6d00000,0x00000000d6d00000,0x00000000e1e00000)
  from space 12288K, 97% used [0x00000000e2e80000,0x00000000e3a30de0,0x00000000e3a80000)
  to   space 14336K, 0% used [0x00000000e1e80000,0x00000000e1e80000,0x00000000e2c80000)
 ParOldGen       total 68096K, used 12588K [0x0000000084600000, 0x0000000088880000, 0x00000000d6d00000)
  object space 68096K, 18% used [0x0000000084600000,0x000000008524b038,0x0000000088880000)
 Metaspace       used 34904K, capacity 35212K, committed 35496K, reserved 1081344K
  class space    used 4411K, capacity 4546K, committed 4608K, reserved 1048576K
Event: 7,043 GC heap after
Heap after GC invocations=10 (full 2):
 PSYoungGen      total 193536K, used 0K [0x00000000d6d00000, 0x00000000e3a80000, 0x0000000100000000)
  eden space 181248K, 0% used [0x00000000d6d00000,0x00000000d6d00000,0x00000000e1e00000)
  from space 12288K, 0% used [0x00000000e2e80000,0x00000000e2e80000,0x00000000e3a80000)
  to   space 14336K, 0% used [0x00000000e1e80000,0x00000000e1e80000,0x00000000e2c80000)
 ParOldGen       total 101888K, used 19916K [0x0000000084600000, 0x000000008a980000, 0x00000000d6d00000)
  object space 101888K, 19% used [0x0000000084600000,0x0000000085973118,0x000000008a980000)
 Metaspace       used 34904K, capacity 35212K, committed 35496K, reserved 1081344K
  class space    used 4411K, capacity 4546K, committed 4608K, reserved 1048576K
}

Deoptimization events (10 events):
Event: 5,962 Thread 0x00007f7168bfe800 Uncommon trap: reason=class_check action=maybe_recompile pc=0x00007f71595aab50 method=java.util.regex.Pattern$CharProperty$1.isSatisfiedBy(I)Z @ 5
Event: 5,962 Thread 0x00007f7168bfe800 Uncommon trap: reason=bimorphic action=maybe_recompile pc=0x00007f715977336c method=java.util.regex.Matcher.match(II)Z @ 86
Event: 6,163 Thread 0x00007f716800d000 Uncommon trap: reason=bimorphic action=maybe_recompile pc=0x00007f715967b1e4 method=java.util.Hashtable.get(Ljava/lang/Object;)Ljava/lang/Object; @ 6
Event: 6,163 Thread 0x00007f716800d000 Uncommon trap: reason=bimorphic action=maybe_recompile pc=0x00007f715967b1e4 method=java.util.Hashtable.get(Ljava/lang/Object;)Ljava/lang/Object; @ 6
Event: 6,769 Thread 0x00007f70ec001800 Uncommon trap: reason=bimorphic action=maybe_recompile pc=0x00007f715977336c method=java.util.regex.Matcher.match(II)Z @ 86
Event: 6,769 Thread 0x00007f70ec001800 Uncommon trap: reason=class_check action=maybe_recompile pc=0x00007f71595a5efc method=java.util.regex.Pattern$7.isSatisfiedBy(I)Z @ 16
Event: 6,769 Thread 0x00007f70ec001800 Uncommon trap: reason=class_check action=maybe_recompile pc=0x00007f71595a5efc method=java.util.regex.Pattern$7.isSatisfiedBy(I)Z @ 16
Event: 6,769 Thread 0x00007f70ec001800 Uncommon trap: reason=class_check action=maybe_recompile pc=0x00007f71595a5f10 method=java.util.regex.Pattern$CharProperty$1.isSatisfiedBy(I)Z @ 5
Event: 6,877 Thread 0x00007f70ec001800 Uncommon trap: reason=bimorphic action=maybe_recompile pc=0x00007f7159a22368 method=java.util.concurrent.ConcurrentHashMap.putVal(Ljava/lang/Object;Ljava/lang/Object;Z)Ljava/lang/Object; @ 192
Event: 6,878 Thread 0x00007f70ec001800 Uncommon trap: reason=unstable_if action=reinterpret pc=0x00007f715910b770 method=java.util.concurrent.ConcurrentHashMap.get(Ljava/lang/Object;)Ljava/lang/Object; @ 76

Internal exceptions (10 events):
Event: 6,695 Thread 0x00007f70ec001800 Exception <a 'java/lang/ClassNotFoundException': org/springframework/web/servlet/theme/AbstractThemeResolverCustomizer> (0x00000000dbfd9398) thrown at [/HUDSON3/workspace/8-2-build-linux-amd64/jdk8u101/7261/hotspot/src/share/vm/classfile/systemDictionary.
Event: 6,695 Thread 0x00007f70ec001800 Exception <a 'java/lang/ClassNotFoundException': org/springframework/web/servlet/theme/FixedThemeResolverCustomizer> (0x00000000dbfed7f0) thrown at [/HUDSON3/workspace/8-2-build-linux-amd64/jdk8u101/7261/hotspot/src/share/vm/classfile/systemDictionary.cpp
Event: 6,696 Thread 0x00007f70ec001800 Exception <a 'java/lang/ClassNotFoundException': org/springframework/web/servlet/ThemeResolverCustomizer> (0x00000000dc0001b0) thrown at [/HUDSON3/workspace/8-2-build-linux-amd64/jdk8u101/7261/hotspot/src/share/vm/classfile/systemDictionary.cpp, line 210]
Event: 6,704 Thread 0x00007f70ec001800 Exception <a 'java/lang/ClassNotFoundException': java/lang/ObjectCustomizer> (0x00000000dc017748) thrown at [/HUDSON3/workspace/8-2-build-linux-amd64/jdk8u101/7261/hotspot/src/share/vm/classfile/systemDictionary.cpp, line 210]
Event: 6,704 Thread 0x00007f70ec001800 Exception <a 'java/lang/ClassNotFoundException': org/springframework/web/servlet/view/DefaultRequestToViewNameTranslatorCustomizer> (0x00000000dc02e068) thrown at [/HUDSON3/workspace/8-2-build-linux-amd64/jdk8u101/7261/hotspot/src/share/vm/classfile/syste
Event: 6,705 Thread 0x00007f70ec001800 Exception <a 'java/lang/ClassNotFoundException': org/springframework/web/servlet/RequestToViewNameTranslatorCustomizer> (0x00000000dc050fb8) thrown at [/HUDSON3/workspace/8-2-build-linux-amd64/jdk8u101/7261/hotspot/src/share/vm/classfile/systemDictionary.
Event: 6,710 Thread 0x00007f70ec001800 Exception <a 'java/lang/ClassNotFoundException': java/lang/ObjectCustomizer> (0x00000000dc078820) thrown at [/HUDSON3/workspace/8-2-build-linux-amd64/jdk8u101/7261/hotspot/src/share/vm/classfile/systemDictionary.cpp, line 210]
Event: 6,710 Thread 0x00007f70ec001800 Exception <a 'java/lang/ClassNotFoundException': org/springframework/web/servlet/support/AbstractFlashMapManagerCustomizer> (0x00000000dc08de28) thrown at [/HUDSON3/workspace/8-2-build-linux-amd64/jdk8u101/7261/hotspot/src/share/vm/classfile/systemDiction
Event: 6,711 Thread 0x00007f70ec001800 Exception <a 'java/lang/ClassNotFoundException': org/springframework/web/servlet/support/SessionFlashMapManagerCustomizer> (0x00000000dc0a7278) thrown at [/HUDSON3/workspace/8-2-build-linux-amd64/jdk8u101/7261/hotspot/src/share/vm/classfile/systemDictiona
Event: 6,712 Thread 0x00007f70ec001800 Exception <a 'java/lang/ClassNotFoundException': org/springframework/web/servlet/FlashMapManagerCustomizer> (0x00000000dc0b9908) thrown at [/HUDSON3/workspace/8-2-build-linux-amd64/jdk8u101/7261/hotspot/src/share/vm/classfile/systemDictionary.cpp, line 21

Events (10 events):
Event: 7,052 Executing VM operation: RevokeBias
Event: 7,052 Executing VM operation: RevokeBias done
Event: 7,052 Executing VM operation: RevokeBias
Event: 7,053 Executing VM operation: RevokeBias done
Event: 7,053 Executing VM operation: RevokeBias
Event: 7,053 Executing VM operation: RevokeBias done
Event: 7,053 Executing VM operation: RevokeBias
Event: 7,053 Executing VM operation: RevokeBias done
Event: 7,193 loading class pl/sgjp/morfeusz/ResultsIterator
Event: 7,193 loading class pl/sgjp/morfeusz/ResultsIterator done


Dynamic libraries:
00400000-00401000 r-xp 00000000 08:04 323660                             /usr/lib/jvm/java-8-oracle/bin/java
00600000-00601000 rw-p 00000000 08:04 323660                             /usr/lib/jvm/java-8-oracle/bin/java
0191c000-0193d000 rw-p 00000000 00:00 0                                  [heap]
84600000-8a980000 rw-p 00000000 00:00 0 
8a980000-d6d00000 ---p 00000000 00:00 0 
d6d00000-e3a80000 rw-p 00000000 00:00 0 
e3a80000-100000000 ---p 00000000 00:00 0 
100000000-100480000 rw-p 00000000 00:00 0 
100480000-140000000 ---p 00000000 00:00 0 
7f70e2fee000-7f70e3c7e000 rw-p 00000000 00:00 0 
7f70e3c7e000-7f70e3df0000 r-xp 00000000 08:04 134153                     /usr/lib/x86_64-linux-gnu/libstdc++.so.6.0.21
7f70e3df0000-7f70e3ff0000 ---p 00172000 08:04 134153                     /usr/lib/x86_64-linux-gnu/libstdc++.so.6.0.21
7f70e3ff0000-7f70e3ffa000 r--p 00172000 08:04 134153                     /usr/lib/x86_64-linux-gnu/libstdc++.so.6.0.21
7f70e3ffa000-7f70e3ffc000 rw-p 0017c000 08:04 134153                     /usr/lib/x86_64-linux-gnu/libstdc++.so.6.0.21
7f70e3ffc000-7f70e4000000 rw-p 00000000 00:00 0 
7f70e4000000-7f70e4021000 rw-p 00000000 00:00 0 
7f70e4021000-7f70e8000000 ---p 00000000 00:00 0 
7f70e8000000-7f70e85a5000 rw-p 00000000 00:00 0 
7f70e85a5000-7f70ec000000 ---p 00000000 00:00 0 
7f70ec000000-7f70ec021000 rw-p 00000000 00:00 0 
7f70ec021000-7f70f0000000 ---p 00000000 00:00 0 
7f70f0000000-7f70f0021000 rw-p 00000000 00:00 0 
7f70f0021000-7f70f4000000 ---p 00000000 00:00 0 
7f70f4000000-7f70f4021000 rw-p 00000000 00:00 0 
7f70f4021000-7f70f8000000 ---p 00000000 00:00 0 
7f70f8000000-7f70f8021000 rw-p 00000000 00:00 0 
7f70f8021000-7f70fc000000 ---p 00000000 00:00 0 
7f70fc000000-7f70fc28d000 rw-p 00000000 00:00 0 
7f70fc28d000-7f7100000000 ---p 00000000 00:00 0 
7f7100000000-7f7100021000 rw-p 00000000 00:00 0 
7f7100021000-7f7104000000 ---p 00000000 00:00 0 
7f7104000000-7f71040a4000 rw-p 00000000 00:00 0 
7f71040a4000-7f7108000000 ---p 00000000 00:00 0 
7f7108000000-7f7108021000 rw-p 00000000 00:00 0 
7f7108021000-7f710c000000 ---p 00000000 00:00 0 
7f710c000000-7f710c021000 rw-p 00000000 00:00 0 
7f710c021000-7f7110000000 ---p 00000000 00:00 0 
7f7110000000-7f7110021000 rw-p 00000000 00:00 0 
7f7110021000-7f7114000000 ---p 00000000 00:00 0 
7f7114000000-7f711421f000 rw-p 00000000 00:00 0 
7f711421f000-7f7118000000 ---p 00000000 00:00 0 
7f7118000000-7f7118051000 rw-p 00000000 00:00 0 
7f7118051000-7f711c000000 ---p 00000000 00:00 0 
7f711c000000-7f711c021000 rw-p 00000000 00:00 0 
7f711c021000-7f7120000000 ---p 00000000 00:00 0 
7f7120000000-7f7120021000 rw-p 00000000 00:00 0 
7f7120021000-7f7124000000 ---p 00000000 00:00 0 
7f7124000000-7f7125721000 rw-p 00000000 00:00 0 
7f7125721000-7f7128000000 ---p 00000000 00:00 0 
7f7128000000-7f7128d22000 rw-p 00000000 00:00 0 
7f7128d22000-7f712c000000 ---p 00000000 00:00 0 
7f712c000000-7f712c021000 rw-p 00000000 00:00 0 
7f712c021000-7f7130000000 ---p 00000000 00:00 0 
7f7130000000-7f7131cb7000 rw-p 00000000 00:00 0 
7f7131cb7000-7f7134000000 ---p 00000000 00:00 0 
7f7134000000-7f7134021000 rw-p 00000000 00:00 0 
7f7134021000-7f7138000000 ---p 00000000 00:00 0 
7f7138000000-7f7138021000 rw-p 00000000 00:00 0 
7f7138021000-7f713c000000 ---p 00000000 00:00 0 
7f713c000000-7f713c021000 rw-p 00000000 00:00 0 
7f713c021000-7f7140000000 ---p 00000000 00:00 0 
7f714008a000-7f7140115000 r-xp 00000000 08:04 216148                     /usr/lib/libmorfeusz2.so
7f7140115000-7f7140314000 ---p 0008b000 08:04 216148                     /usr/lib/libmorfeusz2.so
7f7140314000-7f7140316000 r--p 0008a000 08:04 216148                     /usr/lib/libmorfeusz2.so
7f7140316000-7f7140317000 rw-p 0008c000 08:04 216148                     /usr/lib/libmorfeusz2.so
7f7140317000-7f714032c000 r-xp 00000000 08:04 417093                     /home/ukasz/IdeaProjects/Morfer_server/libs/libjmorfeusz.so
7f714032c000-7f714052b000 ---p 00015000 08:04 417093                     /home/ukasz/IdeaProjects/Morfer_server/libs/libjmorfeusz.so
7f714052b000-7f714052c000 r--p 00014000 08:04 417093                     /home/ukasz/IdeaProjects/Morfer_server/libs/libjmorfeusz.so
7f714052c000-7f714052d000 rw-p 00015000 08:04 417093                     /home/ukasz/IdeaProjects/Morfer_server/libs/libjmorfeusz.so
7f714052d000-7f7140530000 ---p 00000000 00:00 0 
7f7140530000-7f714062e000 rw-p 00000000 00:00 0 
7f71406bb000-7f7140725000 rw-p 00000000 00:00 0 
7f7140725000-7f71408bb000 ---p 00000000 00:00 0 
7f71408bb000-7f71408be000 ---p 00000000 00:00 0 
7f71408be000-7f71409bc000 rw-p 00000000 00:00 0 
7f71409bc000-7f71409bf000 ---p 00000000 00:00 0 
7f71409bf000-7f7140abd000 rw-p 00000000 00:00 0 
7f7140abd000-7f7140ac0000 ---p 00000000 00:00 0 
7f7140ac0000-7f7140bbe000 rw-p 00000000 00:00 0 
7f7140bbe000-7f7140bc1000 ---p 00000000 00:00 0 
7f7140bc1000-7f7140cbf000 rw-p 00000000 00:00 0 
7f7140cbf000-7f7140cc2000 ---p 00000000 00:00 0 
7f7140cc2000-7f7140fc0000 rw-p 00000000 00:00 0 
7f7140fc0000-7f7140fd6000 r-xp 00000000 08:04 791171                     /lib/x86_64-linux-gnu/libgcc_s.so.1
7f7140fd6000-7f71411d5000 ---p 00016000 08:04 791171                     /lib/x86_64-linux-gnu/libgcc_s.so.1
7f71411d5000-7f71411d6000 rw-p 00015000 08:04 791171                     /lib/x86_64-linux-gnu/libgcc_s.so.1
7f71411d6000-7f7141208000 r-xp 00000000 08:04 323751                     /usr/lib/jvm/java-8-oracle/jre/lib/amd64/libsunec.so
7f7141208000-7f7141407000 ---p 00032000 08:04 323751                     /usr/lib/jvm/java-8-oracle/jre/lib/amd64/libsunec.so
7f7141407000-7f714140d000 rw-p 00031000 08:04 323751                     /usr/lib/jvm/java-8-oracle/jre/lib/amd64/libsunec.so
7f714140d000-7f714161d000 rw-p 00000000 00:00 0 
7f714161d000-7f7141620000 ---p 00000000 00:00 0 
7f7141620000-7f714171e000 rw-p 00000000 00:00 0 
7f714171e000-7f7141721000 ---p 00000000 00:00 0 
7f7141721000-7f714181f000 rw-p 00000000 00:00 0 
7f714181f000-7f7141836000 r-xp 00000000 08:04 799939                     /lib/x86_64-linux-gnu/libresolv-2.23.so
7f7141836000-7f7141a36000 ---p 00017000 08:04 799939                     /lib/x86_64-linux-gnu/libresolv-2.23.so
7f7141a36000-7f7141a37000 r--p 00017000 08:04 799939                     /lib/x86_64-linux-gnu/libresolv-2.23.so
7f7141a37000-7f7141a38000 rw-p 00018000 08:04 799939                     /lib/x86_64-linux-gnu/libresolv-2.23.so
7f7141a38000-7f7141a3a000 rw-p 00000000 00:00 0 
7f7141a3a000-7f7141a3f000 r-xp 00000000 08:04 799948                     /lib/x86_64-linux-gnu/libnss_dns-2.23.so
7f7141a3f000-7f7141c3f000 ---p 00005000 08:04 799948                     /lib/x86_64-linux-gnu/libnss_dns-2.23.so
7f7141c3f000-7f7141c40000 r--p 00005000 08:04 799948                     /lib/x86_64-linux-gnu/libnss_dns-2.23.so
7f7141c40000-7f7141c41000 rw-p 00006000 08:04 799948                     /lib/x86_64-linux-gnu/libnss_dns-2.23.so
7f7141c41000-7f7141c43000 r-xp 00000000 08:04 798815                     /lib/x86_64-linux-gnu/libnss_mdns4_minimal.so.2
7f7141c43000-7f7141e42000 ---p 00002000 08:04 798815                     /lib/x86_64-linux-gnu/libnss_mdns4_minimal.so.2
7f7141e42000-7f7141e43000 r--p 00001000 08:04 798815                     /lib/x86_64-linux-gnu/libnss_mdns4_minimal.so.2
7f7141e43000-7f7141e44000 rw-p 00002000 08:04 798815                     /lib/x86_64-linux-gnu/libnss_mdns4_minimal.so.2
7f7141e44000-7f7141e47000 ---p 00000000 00:00 0 
7f7141e47000-7f7141f45000 rw-p 00000000 00:00 0 
7f7141f45000-7f7141f48000 ---p 00000000 00:00 0 
7f7141f48000-7f7142246000 rw-p 00000000 00:00 0 
7f7142246000-7f7142249000 ---p 00000000 00:00 0 
7f7142249000-7f7142347000 rw-p 00000000 00:00 0 
7f7142347000-7f714234a000 ---p 00000000 00:00 0 
7f714234a000-7f7142448000 rw-p 00000000 00:00 0 
7f7142537000-7f714253a000 ---p 00000000 00:00 0 
7f714253a000-7f7142838000 rw-p 00000000 00:00 0 
7f7142838000-7f7142a38000 rw-p 00000000 00:00 0 
7f7142a38000-7f7142c38000 rw-p 00000000 00:00 0 
7f7142c38000-7f7142e38000 rw-p 00000000 00:00 0 
7f7142e38000-7f7142ece000 r--s 01102000 08:04 323806                     /usr/lib/jvm/java-8-oracle/jre/lib/ext/jfxrt.jar
7f7142ece000-7f7142edf000 r-xp 00000000 08:04 323766                     /usr/lib/jvm/java-8-oracle/jre/lib/amd64/libnio.so
7f7142edf000-7f71430de000 ---p 00011000 08:04 323766                     /usr/lib/jvm/java-8-oracle/jre/lib/amd64/libnio.so
7f71430de000-7f71430df000 rw-p 00010000 08:04 323766                     /usr/lib/jvm/java-8-oracle/jre/lib/amd64/libnio.so
7f71430df000-7f71432df000 rw-p 00000000 00:00 0 
7f71432df000-7f71434df000 rw-p 00000000 00:00 0 
7f71434df000-7f71436df000 rw-p 00000000 00:00 0 
7f71436df000-7f71439e0000 rw-p 00000000 00:00 0 
7f71439e0000-7f71439f6000 r-xp 00000000 08:04 323743                     /usr/lib/jvm/java-8-oracle/jre/lib/amd64/libnet.so
7f71439f6000-7f7143bf6000 ---p 00016000 08:04 323743                     /usr/lib/jvm/java-8-oracle/jre/lib/amd64/libnet.so
7f7143bf6000-7f7143bf7000 rw-p 00016000 08:04 323743                     /usr/lib/jvm/java-8-oracle/jre/lib/amd64/libnet.so
7f7143bf7000-7f7143c00000 r-xp 00000000 08:04 323777                     /usr/lib/jvm/java-8-oracle/jre/lib/amd64/libmanagement.so
7f7143c00000-7f7143dff000 ---p 00009000 08:04 323777                     /usr/lib/jvm/java-8-oracle/jre/lib/amd64/libmanagement.so
7f7143dff000-7f7143e00000 rw-p 00008000 08:04 323777                     /usr/lib/jvm/java-8-oracle/jre/lib/amd64/libmanagement.so
7f7143e00000-7f7144000000 rw-p 00000000 00:00 0 
7f7144000000-7f7144021000 rw-p 00000000 00:00 0 
7f7144021000-7f7148000000 ---p 00000000 00:00 0 
7f7148000000-7f7148044000 rw-p 00000000 00:00 0 
7f7148044000-7f714c000000 ---p 00000000 00:00 0 
7f714c000000-7f714c021000 rw-p 00000000 00:00 0 
7f714c021000-7f7150000000 ---p 00000000 00:00 0 
7f715002e000-7f7150031000 ---p 00000000 00:00 0 
7f7150031000-7f715012f000 rw-p 00000000 00:00 0 
7f715012f000-7f7150130000 ---p 00000000 00:00 0 
7f7150130000-7f7154000000 rw-p 00000000 00:00 0 
7f7154000000-7f7154021000 rw-p 00000000 00:00 0 
7f7154021000-7f7158000000 ---p 00000000 00:00 0 
7f715801f000-7f7158025000 r--s 0003f000 08:04 323808                     /usr/lib/jvm/java-8-oracle/jre/lib/ext/sunjce_provider.jar
7f7158025000-7f7158028000 r--s 0001a000 08:04 323710                     /usr/lib/jvm/java-8-oracle/jre/lib/jce.jar
7f7158028000-7f715802c000 r--s 00097000 08:04 323682                     /usr/lib/jvm/java-8-oracle/jre/lib/jsse.jar
7f715802c000-7f715803f000 r--s 00345000 08:04 323706                     /usr/lib/jvm/java-8-oracle/jre/lib/resources.jar
7f715803f000-7f7158044000 r--s 002f9000 08:04 323683                     /usr/lib/jvm/java-8-oracle/jre/lib/charsets.jar
7f7158044000-7f715804e000 r--s 00116000 08:04 323810                     /usr/lib/jvm/java-8-oracle/jre/lib/ext/localedata.jar
7f715804e000-7f715806a000 r--s 00393000 08:04 323813                     /usr/lib/jvm/java-8-oracle/jre/lib/ext/cldrdata.jar
7f715806a000-7f7158071000 r--s 00000000 08:04 276911                     /usr/lib/x86_64-linux-gnu/gconv/gconv-modules.cache
7f7158071000-7f7158096000 r--p 00000000 08:04 419450                     /usr/share/locale-langpack/pl/LC_MESSAGES/libc.mo
7f7158096000-7f71580a0000 r--s 00069000 08:04 1976073                    /home/ukasz/.gradle/caches/modules-2/files-2.1/ch.qos.logback/logback-core/1.1.7/7873092d39ef741575ca91378a6a21c388363ac8/logback-core-1.1.7.jar
7f71580a0000-7f71580a2000 r--s 00004000 08:04 1976065                    /home/ukasz/.gradle/caches/modules-2/files-2.1/org.slf4j/log4j-over-slf4j/1.7.21/b3700d97464d99bdcd42c0177d6e7951c94d75ff/log4j-over-slf4j-1.7.21.jar
7f71580a2000-7f71580a4000 r--s 00000000 08:04 1976064                    /home/ukasz/.gradle/caches/modules-2/files-2.1/org.slf4j/jul-to-slf4j/1.7.21/2f22c882ffa479d1e9ff4eb0e8e2c29f2a0871ed/jul-to-slf4j-1.7.21.jar
7f71580a4000-7f71580ab000 r--s 00044000 08:04 1976062                    /home/ukasz/.gradle/caches/modules-2/files-2.1/ch.qos.logback/logback-classic/1.1.7/9865cf6994f9ff13fce0bf93f2054ef6c65bb462/logback-classic-1.1.7.jar
7f71580ab000-7f71580b4000 r--s 00054000 08:04 1973283                    /home/ukasz/.gradle/caches/modules-2/files-2.1/org.springframework/spring-aop/4.3.3.RELEASE/3b6b6d116e96fa42fa9bdc9663946a97fc109120/spring-aop-4.3.3.RELEASE.jar
7f71580b4000-7f71580b8000 r--s 00041000 08:04 1973282                    /home/ukasz/.gradle/caches/modules-2/files-2.1/com.fasterxml.jackson.core/jackson-core/2.8.3/5e1dc37c96308851c3ff609c250dc849c4b12022/jackson-core-2.8.3.jar
7f71580b8000-7f71580bb000 r--s 0000b000 08:04 1973281                    /home/ukasz/.gradle/caches/modules-2/files-2.1/com.fasterxml.jackson.core/jackson-annotations/2.8.3/c4ed3d7e204b1870f3b72f09bbe68ba1f9a55f57/jackson-annotations-2.8.3.jar
7f71580bb000-7f71580bd000 r--s 0000e000 08:04 1976043                    /home/ukasz/.gradle/caches/modules-2/files-2.1/com.fasterxml/classmate/1.3.1/2ad2fd09dcf5607ca96f8ef432096a96986c40a/classmate-1.3.1.jar
7f71580bd000-7f71580bf000 r--s 0000f000 08:04 1976042                    /home/ukasz/.gradle/caches/modules-2/files-2.1/org.jboss.logging/jboss-logging/3.3.0.Final/3616bb87707910296e2c195dc016287080bba5af/jboss-logging-3.3.0.Final.jar
7f71580bf000-7f71580c4000 r--s 00036000 08:04 1973280                    /home/ukasz/.gradle/caches/modules-2/files-2.1/org.apache.tomcat.embed/tomcat-embed-websocket/8.5.5/fd99cd1cd4c824abdf03466f0509f067747f0d1a/tomcat-embed-websocket-8.5.5.jar
7f71580c4000-7f71580ec000 r--s 002b1000 08:04 1973278                    /home/ukasz/.gradle/caches/modules-2/files-2.1/org.apache.tomcat.embed/tomcat-embed-core/8.5.5/d55e12a418ff99ecd723a118c2a28bb91079972d/tomcat-embed-core-8.5.5.jar
7f71580ec000-7f71580ef000 ---p 00000000 00:00 0 
7f71580ef000-7f71581ed000 rw-p 00000000 00:00 0 
7f71581ed000-7f71581f0000 ---p 00000000 00:00 0 
7f71581f0000-7f71582ee000 rw-p 00000000 00:00 0 
7f71582ee000-7f71582f1000 ---p 00000000 00:00 0 
7f71582f1000-7f71583ef000 rw-p 00000000 00:00 0 
7f71583ef000-7f71583f2000 ---p 00000000 00:00 0 
7f71583f2000-7f71584f0000 rw-p 00000000 00:00 0 
7f71584f0000-7f71584f3000 ---p 00000000 00:00 0 
7f71584f3000-7f71585f1000 rw-p 00000000 00:00 0 
7f71585f1000-7f71589fa000 r--p 00000000 08:04 156314                     /usr/lib/locale/locale-archive
7f71589fa000-7f71589fd000 ---p 00000000 00:00 0 
7f71589fd000-7f7158afb000 rw-p 00000000 00:00 0 
7f7158afb000-7f7158afe000 ---p 00000000 00:00 0 
7f7158afe000-7f7158bfc000 rw-p 00000000 00:00 0 
7f7158bfc000-7f7158bfd000 ---p 00000000 00:00 0 
7f7158bfd000-7f7159000000 rw-p 00000000 00:00 0 
7f7159000000-7f7159ad0000 rwxp 00000000 00:00 0 
7f7159ad0000-7f7168000000 ---p 00000000 00:00 0 
7f7168000000-7f7168c28000 rw-p 00000000 00:00 0 
7f7168c28000-7f716c000000 ---p 00000000 00:00 0 
7f716c000000-7f716c004000 r--s 0000c000 08:04 1976041                    /home/ukasz/.gradle/caches/modules-2/files-2.1/javax.validation/validation-api/1.1.0.Final/8613ae82954779d518631e05daa73a6a954817d5/validation-api-1.1.0.Final.jar
7f716c004000-7f716c009000 r--s 00036000 08:04 1973279                    /home/ukasz/.gradle/caches/modules-2/files-2.1/org.apache.tomcat.embed/tomcat-embed-el/8.5.5/54bd595afa6e4fd141c70fb2d1cecacf4bd11e53/tomcat-embed-el-8.5.5.jar
7f716c009000-7f716c01a000 r--s 00099000 08:04 1973277                    /home/ukasz/.gradle/caches/modules-2/files-2.1/org.springframework.data/spring-data-commons/1.12.3.RELEASE/b1cddcb19373671d0752b0261baf9154d969aab9/spring-data-commons-1.12.3.RELEASE.jar
7f716c01a000-7f716c01f000 r--s 0003c000 08:04 1973276                    /home/ukasz/.gradle/caches/modules-2/files-2.1/org.springframework/spring-expression/4.3.3.RELEASE/5e2f2e998370bc7d93c3b2c51f88eb3f95d3a470/spring-expression-4.3.3.RELEASE.jar
7f716c01f000-7f716c02d000 r--s 000ac000 08:04 1973275                    /home/ukasz/.gradle/caches/modules-2/files-2.1/org.springframework/spring-beans/4.3.3.RELEASE/8e446175b4c8f9bf42abfa11e8194cb729171675/spring-beans-4.3.3.RELEASE.jar
7f716c02d000-7f716c047000 r--s 000fc000 08:04 1973274                    /home/ukasz/.gradle/caches/modules-2/files-2.1/org.springframework/spring-context/4.3.3.RELEASE/cfcd94c9b28d71e81bdfc058fd386c1aa4a61aea/spring-context-4.3.3.RELEASE.jar
7f716c047000-7f716c04f000 r--s 0003a000 08:04 1973273                    /home/ukasz/.gradle/caches/modules-2/files-2.1/org.springframework/spring-tx/4.3.3.RELEASE/15fe147d2725b9b85bfe79817dc10b4246d0364d/spring-tx-4.3.3.RELEASE.jar
7f716c04f000-7f716c054000 r--s 00033000 08:04 1971260                    /home/ukasz/.gradle/caches/modules-2/files-2.1/org.mongodb/bson/3.2.2/b0278bca693eeb91e14db32aea0987a0eed99336/bson-3.2.2.jar
7f716c054000-7f716c066000 r--s 000cd000 08:04 1971254                    /home/ukasz/.gradle/caches/modules-2/files-2.1/org.mongodb/mongodb-driver-core/3.2.2/5fe989e7863333970ab0698f18c2ae9d3cb1b2d0/mongodb-driver-core-3.2.2.jar
7f716c066000-7f716c06c000 r--s 0003d000 08:04 1976040                    /home/ukasz/.gradle/caches/modules-2/files-2.1/org.yaml/snakeyaml/1.17/7a27ea250c5130b2922b86dea63cbb1cc10a660c/snakeyaml-1.17.jar
7f716c06c000-7f716c083000 r--s 000f9000 08:04 1972928                    /home/ukasz/.gradle/caches/modules-2/files-2.1/org.springframework/spring-core/4.3.3.RELEASE/ffad13be3dac6eef7d2418a9de87c2a1592d3033/spring-core-4.3.3.RELEASE.jar
7f716c083000-7f716c0a1000 r--s 000cf000 08:04 1973271                    /home/ukasz/.gradle/caches/modules-2/files-2.1/org.springframework.boot/spring-boot-autoconfigure/1.4.1.RELEASE/db60078355dbe57b3ff5efcbf7b411fb5ae75306/spring-boot-autoconfigure-1.4.1.RELEASE.jar
7f716c0a1000-7f716c0b1000 r--s 00091000 08:04 1973270                    /home/ukasz/.gradle/caches/modules-2/files-2.1/org.springframework.boot/spring-boot/1.4.1.RELEASE/77e66522f61f02d2597da1ed8bf781ed796a2535/spring-boot-1.4.1.RELEASE.jar
7f716c0b1000-7f716c0c3000 r--s 000ce000 08:04 1973269                    /home/ukasz/.gradle/caches/modules-2/files-2.1/org.springframework/spring-webmvc/4.3.3.RELEASE/729d7756ba6b41b6ae40be9dff076ba31946f923/spring-webmvc-4.3.3.RELEASE.jar
7f716c0c3000-7f716c0d5000 r--s 000b5000 08:04 1973268                    /home/ukasz/.gradle/caches/modules-2/files-2.1/org.springframework/spring-web/4.3.3.RELEASE/f66f40abfe733621768eae0515ea0dc90bb49753/spring-web-4.3.3.RELEASE.jar
7f716c0d5000-7f716c0e7000 r--s 0011c000 08:04 1973267                    /home/ukasz/.gradle/caches/modules-2/files-2.1/com.fasterxml.jackson.core/jackson-databind/2.8.3/cea3788c72271d45676ce32c0665991674b24cc5/jackson-databind-2.8.3.jar
7f716c0e7000-7f716c0f7000 r--s 0009c000 08:04 1976028                    /home/ukasz/.gradle/caches/modules-2/files-2.1/org.hibernate/hibernate-validator/5.2.4.Final/fb18766b576aa6632bcfe9a20a023cbd52bf9769/hibernate-validator-5.2.4.Final.jar
7f716c0f7000-7f716cdd6000 rw-p 00000000 00:00 0 
7f716cdd6000-7f716cfaf000 r--s 03d29000 08:04 323687                     /usr/lib/jvm/java-8-oracle/jre/lib/rt.jar
7f716cfaf000-7f716dc02000 rw-p 00000000 00:00 0 
7f716dc02000-7f716dc03000 ---p 00000000 00:00 0 
7f716dc03000-7f716dd03000 rw-p 00000000 00:00 0 
7f716dd03000-7f716dd04000 ---p 00000000 00:00 0 
7f716dd04000-7f716de04000 rw-p 00000000 00:00 0 
7f716de04000-7f716de05000 ---p 00000000 00:00 0 
7f716de05000-7f716df05000 rw-p 00000000 00:00 0 
7f716df05000-7f716df06000 ---p 00000000 00:00 0 
7f716df06000-7f716e038000 rw-p 00000000 00:00 0 
7f716e038000-7f716e29a000 ---p 00000000 00:00 0 
7f716e29a000-7f716e2cc000 rw-p 00000000 00:00 0 
7f716e2cc000-7f716e52d000 ---p 00000000 00:00 0 
7f716e52d000-7f716e595000 rw-p 00000000 00:00 0 
7f716e595000-7f716e677000 ---p 00000000 00:00 0 
7f716e677000-7f716e6a4000 rw-p 00000000 00:00 0 
7f716e6a4000-7f716ea38000 ---p 00000000 00:00 0 
7f716ea38000-7f716ea52000 r-xp 00000000 08:04 323764                     /usr/lib/jvm/java-8-oracle/jre/lib/amd64/libzip.so
7f716ea52000-7f716ec52000 ---p 0001a000 08:04 323764                     /usr/lib/jvm/java-8-oracle/jre/lib/amd64/libzip.so
7f716ec52000-7f716ec53000 rw-p 0001a000 08:04 323764                     /usr/lib/jvm/java-8-oracle/jre/lib/amd64/libzip.so
7f716ec53000-7f716ec5e000 r-xp 00000000 08:04 799934                     /lib/x86_64-linux-gnu/libnss_files-2.23.so
7f716ec5e000-7f716ee5d000 ---p 0000b000 08:04 799934                     /lib/x86_64-linux-gnu/libnss_files-2.23.so
7f716ee5d000-7f716ee5e000 r--p 0000a000 08:04 799934                     /lib/x86_64-linux-gnu/libnss_files-2.23.so
7f716ee5e000-7f716ee5f000 rw-p 0000b000 08:04 799934                     /lib/x86_64-linux-gnu/libnss_files-2.23.so
7f716ee5f000-7f716ee65000 rw-p 00000000 00:00 0 
7f716ee65000-7f716ee70000 r-xp 00000000 08:04 799931                     /lib/x86_64-linux-gnu/libnss_nis-2.23.so
7f716ee70000-7f716f06f000 ---p 0000b000 08:04 799931                     /lib/x86_64-linux-gnu/libnss_nis-2.23.so
7f716f06f000-7f716f070000 r--p 0000a000 08:04 799931                     /lib/x86_64-linux-gnu/libnss_nis-2.23.so
7f716f070000-7f716f071000 rw-p 0000b000 08:04 799931                     /lib/x86_64-linux-gnu/libnss_nis-2.23.so
7f716f071000-7f716f087000 r-xp 00000000 08:04 799925                     /lib/x86_64-linux-gnu/libnsl-2.23.so
7f716f087000-7f716f286000 ---p 00016000 08:04 799925                     /lib/x86_64-linux-gnu/libnsl-2.23.so
7f716f286000-7f716f287000 r--p 00015000 08:04 799925                     /lib/x86_64-linux-gnu/libnsl-2.23.so
7f716f287000-7f716f288000 rw-p 00016000 08:04 799925                     /lib/x86_64-linux-gnu/libnsl-2.23.so
7f716f288000-7f716f28a000 rw-p 00000000 00:00 0 
7f716f28a000-7f716f292000 r-xp 00000000 08:04 799919                     /lib/x86_64-linux-gnu/libnss_compat-2.23.so
7f716f292000-7f716f491000 ---p 00008000 08:04 799919                     /lib/x86_64-linux-gnu/libnss_compat-2.23.so
7f716f491000-7f716f492000 r--p 00007000 08:04 799919                     /lib/x86_64-linux-gnu/libnss_compat-2.23.so
7f716f492000-7f716f493000 rw-p 00008000 08:04 799919                     /lib/x86_64-linux-gnu/libnss_compat-2.23.so
7f716f493000-7f716f4bd000 r-xp 00000000 08:04 323788                     /usr/lib/jvm/java-8-oracle/jre/lib/amd64/libjava.so
7f716f4bd000-7f716f6bd000 ---p 0002a000 08:04 323788                     /usr/lib/jvm/java-8-oracle/jre/lib/amd64/libjava.so
7f716f6bd000-7f716f6bf000 rw-p 0002a000 08:04 323788                     /usr/lib/jvm/java-8-oracle/jre/lib/amd64/libjava.so
7f716f6bf000-7f716f6cc000 r-xp 00000000 08:04 323744                     /usr/lib/jvm/java-8-oracle/jre/lib/amd64/libverify.so
7f716f6cc000-7f716f8cc000 ---p 0000d000 08:04 323744                     /usr/lib/jvm/java-8-oracle/jre/lib/amd64/libverify.so
7f716f8cc000-7f716f8ce000 rw-p 0000d000 08:04 323744                     /usr/lib/jvm/java-8-oracle/jre/lib/amd64/libverify.so
7f716f8ce000-7f716f8d5000 r-xp 00000000 08:04 799944                     /lib/x86_64-linux-gnu/librt-2.23.so
7f716f8d5000-7f716fad4000 ---p 00007000 08:04 799944                     /lib/x86_64-linux-gnu/librt-2.23.so
7f716fad4000-7f716fad5000 r--p 00006000 08:04 799944                     /lib/x86_64-linux-gnu/librt-2.23.so
7f716fad5000-7f716fad6000 rw-p 00007000 08:04 799944                     /lib/x86_64-linux-gnu/librt-2.23.so
7f716fad6000-7f716fbde000 r-xp 00000000 08:04 799940                     /lib/x86_64-linux-gnu/libm-2.23.so
7f716fbde000-7f716fddd000 ---p 00108000 08:04 799940                     /lib/x86_64-linux-gnu/libm-2.23.so
7f716fddd000-7f716fdde000 r--p 00107000 08:04 799940                     /lib/x86_64-linux-gnu/libm-2.23.so
7f716fdde000-7f716fddf000 rw-p 00108000 08:04 799940                     /lib/x86_64-linux-gnu/libm-2.23.so
7f716fddf000-7f7170aaa000 r-xp 00000000 08:04 323798                     /usr/lib/jvm/java-8-oracle/jre/lib/amd64/server/libjvm.so
7f7170aaa000-7f7170ca9000 ---p 00ccb000 08:04 323798                     /usr/lib/jvm/java-8-oracle/jre/lib/amd64/server/libjvm.so
7f7170ca9000-7f7170d82000 rw-p 00cca000 08:04 323798                     /usr/lib/jvm/java-8-oracle/jre/lib/amd64/server/libjvm.so
7f7170d82000-7f7170dcd000 rw-p 00000000 00:00 0 
7f7170dcd000-7f7170f8d000 r-xp 00000000 08:04 799950                     /lib/x86_64-linux-gnu/libc-2.23.so
7f7170f8d000-7f717118c000 ---p 001c0000 08:04 799950                     /lib/x86_64-linux-gnu/libc-2.23.so
7f717118c000-7f7171190000 r--p 001bf000 08:04 799950                     /lib/x86_64-linux-gnu/libc-2.23.so
7f7171190000-7f7171192000 rw-p 001c3000 08:04 799950                     /lib/x86_64-linux-gnu/libc-2.23.so
7f7171192000-7f7171196000 rw-p 00000000 00:00 0 
7f7171196000-7f7171199000 r-xp 00000000 08:04 799951                     /lib/x86_64-linux-gnu/libdl-2.23.so
7f7171199000-7f7171398000 ---p 00003000 08:04 799951                     /lib/x86_64-linux-gnu/libdl-2.23.so
7f7171398000-7f7171399000 r--p 00002000 08:04 799951                     /lib/x86_64-linux-gnu/libdl-2.23.so
7f7171399000-7f717139a000 rw-p 00003000 08:04 799951                     /lib/x86_64-linux-gnu/libdl-2.23.so
7f717139a000-7f71713af000 r-xp 00000000 08:04 322990                     /usr/lib/jvm/java-8-oracle/lib/amd64/jli/libjli.so
7f71713af000-7f71715af000 ---p 00015000 08:04 322990                     /usr/lib/jvm/java-8-oracle/lib/amd64/jli/libjli.so
7f71715af000-7f71715b0000 rw-p 00015000 08:04 322990                     /usr/lib/jvm/java-8-oracle/lib/amd64/jli/libjli.so
7f71715b0000-7f71715c8000 r-xp 00000000 08:04 799949                     /lib/x86_64-linux-gnu/libpthread-2.23.so
7f71715c8000-7f71717c7000 ---p 00018000 08:04 799949                     /lib/x86_64-linux-gnu/libpthread-2.23.so
7f71717c7000-7f71717c8000 r--p 00017000 08:04 799949                     /lib/x86_64-linux-gnu/libpthread-2.23.so
7f71717c8000-7f71717c9000 rw-p 00018000 08:04 799949                     /lib/x86_64-linux-gnu/libpthread-2.23.so
7f71717c9000-7f71717cd000 rw-p 00000000 00:00 0 
7f71717cd000-7f71717f3000 r-xp 00000000 08:04 799945                     /lib/x86_64-linux-gnu/ld-2.23.so
7f71717f3000-7f71717f4000 r--s 00009000 08:04 323807                     /usr/lib/jvm/java-8-oracle/jre/lib/ext/sunec.jar
7f71717f4000-7f71717f6000 r--s 00003000 08:04 1976063                    /home/ukasz/.gradle/caches/modules-2/files-2.1/org.slf4j/jcl-over-slf4j/1.7.21/331b564a3a42f002a0004b039c1c430da89062cd/jcl-over-slf4j-1.7.21.jar
7f71717f6000-7f71718c1000 rw-p 00000000 00:00 0 
7f71718c1000-7f71718c4000 ---p 00000000 00:00 0 
7f71718c4000-7f71719c6000 rw-p 00000000 00:00 0 
7f71719c6000-7f71719c8000 r--s 00009000 08:04 1976074                    /home/ukasz/.gradle/caches/modules-2/files-2.1/org.slf4j/slf4j-api/1.7.21/139535a69a4239db087de9bab0bee568bf8e0b70/slf4j-api-1.7.21.jar
7f71719c8000-7f71719c9000 r--s 00000000 08:04 1973272                    /home/ukasz/.gradle/caches/modules-2/files-2.1/org.springframework.boot/spring-boot-starter-logging/1.4.1.RELEASE/8e84889ed1e13671c494e6130e3631c1dfe3afe9/spring-boot-starter-logging-1.4.1.RELEASE.jar
7f71719c9000-7f71719ca000 r--s 00000000 08:04 1973266                    /home/ukasz/.gradle/caches/modules-2/files-2.1/org.springframework.boot/spring-boot-starter-tomcat/1.4.1.RELEASE/4a9f51ff0941d90f631608bd17dfb67684d99a5b/spring-boot-starter-tomcat-1.4.1.RELEASE.jar
7f71719ca000-7f71719db000 r--s 0009c000 08:04 1973265                    /home/ukasz/.gradle/caches/modules-2/files-2.1/org.springframework.data/spring-data-mongodb/1.9.3.RELEASE/5e0276bc095f01ce4825c53086252e340e29f927/spring-data-mongodb-1.9.3.RELEASE.jar
7f71719db000-7f71719e1000 r--s 0004f000 08:04 1971239                    /home/ukasz/.gradle/caches/modules-2/files-2.1/org.mongodb/mongodb-driver/3.2.2/8b5c4610953eec83435d87547d34976848508875/mongodb-driver-3.2.2.jar
7f71719e1000-7f71719e2000 r--s 00000000 08:04 1973264                    /home/ukasz/.gradle/caches/modules-2/files-2.1/org.springframework.boot/spring-boot-starter/1.4.1.RELEASE/cfdfe0e4903dd398d15ae9a4aab4cc47d91d379f/spring-boot-starter-1.4.1.RELEASE.jar
7f71719e2000-7f71719e3000 r--s 00000000 08:04 1973263                    /home/ukasz/.gradle/caches/modules-2/files-2.1/org.springframework.boot/spring-boot-starter-web/1.4.1.RELEASE/6af87c0c2dd9d82d21cd6061d5c168ef0e07f130/spring-boot-starter-web-1.4.1.RELEASE.jar
7f71719e3000-7f71719e4000 r--s 00000000 08:04 1973262                    /home/ukasz/.gradle/caches/modules-2/files-2.1/org.springframework.boot/spring-boot-starter-data-mongodb/1.4.1.RELEASE/ac658940837379eaefcd87e77ad6ae6ff0b401ed/spring-boot-starter-data-mongodb-1.4.1.RELEASE.jar
7f71719e4000-7f71719e6000 r--s 00005000 08:04 412601                     /home/ukasz/IdeaProjects/Morfer_server/libs/jmorfeusz.jar
7f71719e6000-7f71719ee000 rw-s 00000000 08:04 1972300                    /tmp/hsperfdata_ukasz/8426
7f71719ee000-7f71719ef000 rw-p 00000000 00:00 0 
7f71719ef000-7f71719f0000 r--p 00000000 00:00 0 
7f71719f0000-7f71719f2000 rw-p 00000000 00:00 0 
7f71719f2000-7f71719f3000 r--p 00025000 08:04 799945                     /lib/x86_64-linux-gnu/ld-2.23.so
7f71719f3000-7f71719f4000 rw-p 00026000 08:04 799945                     /lib/x86_64-linux-gnu/ld-2.23.so
7f71719f4000-7f71719f5000 rw-p 00000000 00:00 0 
7ffed2f1d000-7ffed2f40000 rw-p 00000000 00:00 0                          [stack]
7ffed2f73000-7ffed2f75000 r--p 00000000 00:00 0                          [vvar]
7ffed2f75000-7ffed2f77000 r-xp 00000000 00:00 0                          [vdso]
ffffffffff600000-ffffffffff601000 r-xp 00000000 00:00 0                  [vsyscall]

VM Arguments:
jvm_args: -Djava.library.path=/home/ukasz/IdeaProjects/Morfer_server/libs -Dserver.port=9001 -Dfile.encoding=UTF-8 -Duser.country=PL -Duser.language=pl -Duser.variant 
java_command: uek.dev.MorferServerApplication
java_class_path (initial): /home/ukasz/IdeaProjects/Morfer_server/build/classes/main:/home/ukasz/IdeaProjects/Morfer_server/build/resources/main:/home/ukasz/IdeaProjects/Morfer_server/libs/jmorfeusz.jar:/home/ukasz/.gradle/caches/modules-2/files-2.1/org.springframework.boot/spring-boot-starter-data-mongodb/1.4.1.RELEASE/ac658940837379eaefcd87e77ad6ae6ff0b401ed/spring-boot-starter-data-mongodb-1.4.1.RELEASE.jar:/home/ukasz/.gradle/caches/modules-2/files-2.1/org.springframework.boot/spring-boot-starter-web/1.4.1.RELEASE/6af87c0c2dd9d82d21cd6061d5c168ef0e07f130/spring-boot-starter-web-1.4.1.RELEASE.jar:/home/ukasz/.gradle/caches/modules-2/files-2.1/org.springframework.boot/spring-boot-starter/1.4.1.RELEASE/cfdfe0e4903dd398d15ae9a4aab4cc47d91d379f/spring-boot-starter-1.4.1.RELEASE.jar:/home/ukasz/.gradle/caches/modules-2/files-2.1/org.mongodb/mongodb-driver/3.2.2/8b5c4610953eec83435d87547d34976848508875/mongodb-driver-3.2.2.jar:/home/ukasz/.gradle/caches/modules-2/files-2.1/org.springframework.data/spring-data-mongodb/1.9.3.RELEASE/5e0276bc095f01ce4825c53086252e340e29f927/spring-data-mongodb-1.9.3.RELEASE.jar:/home/ukasz/.gradle/caches/modules-2/files-2.1/org.springframework.boot/spring-boot-starter-tomcat/1.4.1.RELEASE/4a9f51ff0941d90f631608bd17dfb67684d99a5b/spring-boot-starter-tomcat-1.4.1.RELEASE.jar:/home/ukasz/.gradle/caches/modules-2/files-2.1/org.hibernate/hibernate-validator/5.2.4.Final/fb18766b576aa6632bcfe9a20a023cbd52bf9769/hibernate-validator-5.2.4.Final.jar:/home/ukasz/.gradle/caches/modules-2/files-2.1/com.fasterxml.jackson.core/jackson-databind/2.8.3/cea3788c72271d45676ce32c0665991674b24cc5/jackson-databind-2.8.3.jar:/home/ukasz/.gradle/caches/modules-2/files-2.1/org.springframework/spring-web/4.3.3.RELEASE/f66f40abfe733621768eae0515ea0dc90bb49753/spring-web-4.3.3.RELEASE.jar:/home/ukasz/.gradle/caches/modules-2/files-2.1/org.springframework/spring-webmvc/4.3.3.RELEASE/729d7756ba6b41b6ae40be9dff076ba31946f923/spring-webmvc-4.3.3.RELEASE.jar:/home/ukasz
Launcher Type: SUN_STANDARD

Environment Variables:
JAVA_HOME=/usr/lib/jvm/java-8-oracle
PATH=/usr/local/sbin:/usr/local/bin:/usr/sbin:/usr/bin:/sbin:/bin:/usr/games:/usr/local/games
LD_LIBRARY_PATH=/home/ukasz/Intellij/idea-IU-145.597.3/bin:
SHELL=/usr/bin/zsh
DISPLAY=:0

Signal Handlers:
SIGSEGV: [libjvm.so+0xac4790], sa_mask[0]=11111111011111111101111111111110, sa_flags=SA_RESTART|SA_SIGINFO
SIGBUS: [libjvm.so+0xac4790], sa_mask[0]=11111111011111111101111111111110, sa_flags=SA_RESTART|SA_SIGINFO
SIGFPE: [libjvm.so+0x91f140], sa_mask[0]=11111111011111111101111111111110, sa_flags=SA_RESTART|SA_SIGINFO
SIGPIPE: [libjvm.so+0x91f140], sa_mask[0]=11111111011111111101111111111110, sa_flags=SA_RESTART|SA_SIGINFO
SIGXFSZ: [libjvm.so+0x91f140], sa_mask[0]=11111111011111111101111111111110, sa_flags=SA_RESTART|SA_SIGINFO
SIGILL: [libjvm.so+0x91f140], sa_mask[0]=11111111011111111101111111111110, sa_flags=SA_RESTART|SA_SIGINFO
SIGUSR1: SIG_DFL, sa_mask[0]=00000000000000000000000000000000, sa_flags=none
SIGUSR2: [libjvm.so+0x920770], sa_mask[0]=00100000000000000000000000000000, sa_flags=SA_RESTART|SA_SIGINFO
SIGHUP: [libjvm.so+0x921b70], sa_mask[0]=11111111011111111101111111111110, sa_flags=SA_RESTART|SA_SIGINFO
SIGINT: [libjvm.so+0x921b70], sa_mask[0]=11111111011111111101111111111110, sa_flags=SA_RESTART|SA_SIGINFO
SIGTERM: [libjvm.so+0x921b70], sa_mask[0]=11111111011111111101111111111110, sa_flags=SA_RESTART|SA_SIGINFO
SIGQUIT: [libjvm.so+0x921b70], sa_mask[0]=11111111011111111101111111111110, sa_flags=SA_RESTART|SA_SIGINFO


---------------  S Y S T E M  ---------------

OS:DISTRIB_ID=Ubuntu
DISTRIB_RELEASE=16.04
DISTRIB_CODENAME=xenial
DISTRIB_DESCRIPTION="Ubuntu 16.04.1 LTS"

uname:Linux 4.4.0-36-generic #55-Ubuntu SMP Thu Aug 11 18:01:55 UTC 2016 x86_64
libc:glibc 2.23 NPTL 2.23 
rlimit: STACK 8192k, CORE 0k, NPROC 31486, NOFILE 65536, AS infinity
load average:2,46 1,41 1,38

/proc/meminfo:
MemTotal:        8100712 kB
MemFree:          178472 kB
MemAvailable:    2699900 kB
Buffers:          167724 kB
Cached:          2779764 kB
SwapCached:            0 kB
Active:          5970292 kB
Inactive:        1641876 kB
Active(anon):    4690048 kB
Inactive(anon):   245608 kB
Active(file):    1280244 kB
Inactive(file):  1396268 kB
Unevictable:          32 kB
Mlocked:              32 kB
SwapTotal:             0 kB
SwapFree:              0 kB
Dirty:             43352 kB
Writeback:             0 kB
AnonPages:       4665004 kB
Mapped:           811864 kB
Shmem:            270888 kB
Slab:             186852 kB
SReclaimable:     136852 kB
SUnreclaim:        50000 kB
KernelStack:       12304 kB
PageTables:        62380 kB
NFS_Unstable:          0 kB
Bounce:                0 kB
WritebackTmp:          0 kB
CommitLimit:     4050356 kB
Committed_AS:    9641352 kB
VmallocTotal:   34359738367 kB
VmallocUsed:           0 kB
VmallocChunk:          0 kB
HardwareCorrupted:     0 kB
AnonHugePages:   1458176 kB
CmaTotal:              0 kB
CmaFree:               0 kB
HugePages_Total:       0
HugePages_Free:        0
HugePages_Rsvd:        0
HugePages_Surp:        0
Hugepagesize:       2048 kB
DirectMap4k:      190208 kB
DirectMap2M:     6027264 kB
DirectMap1G:     3145728 kB


CPU:total 4 (2 cores per cpu, 2 threads per core) family 6 model 69 stepping 1, cmov, cx8, fxsr, mmx, sse, sse2, sse3, ssse3, sse4.1, sse4.2, popcnt, avx, avx2, aes, clmul, erms, lzcnt, ht, tsc, tscinvbit, bmi1, bmi2

/proc/cpuinfo:
processor	: 0
vendor_id	: GenuineIntel
cpu family	: 6
model		: 69
model name	: Intel(R) Core(TM) i5-4210U CPU @ 1.70GHz
stepping	: 1
microcode	: 0x17
cpu MHz		: 2400.000
cache size	: 3072 KB
physical id	: 0
siblings	: 4
core id		: 0
cpu cores	: 2
apicid		: 0
initial apicid	: 0
fpu		: yes
fpu_exception	: yes
cpuid level	: 13
wp		: yes
flags		: fpu vme de pse tsc msr pae mce cx8 apic sep mtrr pge mca cmov pat pse36 clflush dts acpi mmx fxsr sse sse2 ss ht tm pbe syscall nx pdpe1gb rdtscp lm constant_tsc arch_perfmon pebs bts rep_good nopl xtopology nonstop_tsc aperfmperf eagerfpu pni pclmulqdq dtes64 monitor ds_cpl vmx est tm2 ssse3 sdbg fma cx16 xtpr pdcm pcid sse4_1 sse4_2 movbe popcnt tsc_deadline_timer aes xsave avx f16c rdrand lahf_lm abm epb tpr_shadow vnmi flexpriority ept vpid fsgsbase tsc_adjust bmi1 avx2 smep bmi2 erms invpcid xsaveopt dtherm ida arat pln pts
bugs		:
bogomips	: 4789.02
clflush size	: 64
cache_alignment	: 64
address sizes	: 39 bits physical, 48 bits virtual
power management:

processor	: 1
vendor_id	: GenuineIntel
cpu family	: 6
model		: 69
model name	: Intel(R) Core(TM) i5-4210U CPU @ 1.70GHz
stepping	: 1
microcode	: 0x17
cpu MHz		: 2399.906
cache size	: 3072 KB
physical id	: 0
siblings	: 4
core id		: 0
cpu cores	: 2
apicid		: 1
initial apicid	: 1
fpu		: yes
fpu_exception	: yes
cpuid level	: 13
wp		: yes
flags		: fpu vme de pse tsc msr pae mce cx8 apic sep mtrr pge mca cmov pat pse36 clflush dts acpi mmx fxsr sse sse2 ss ht tm pbe syscall nx pdpe1gb rdtscp lm constant_tsc arch_perfmon pebs bts rep_good nopl xtopology nonstop_tsc aperfmperf eagerfpu pni pclmulqdq dtes64 monitor ds_cpl vmx est tm2 ssse3 sdbg fma cx16 xtpr pdcm pcid sse4_1 sse4_2 movbe popcnt tsc_deadline_timer aes xsave avx f16c rdrand lahf_lm abm epb tpr_shadow vnmi flexpriority ept vpid fsgsbase tsc_adjust bmi1 avx2 smep bmi2 erms invpcid xsaveopt dtherm ida arat pln pts
bugs		:
bogomips	: 4789.02
clflush size	: 64
cache_alignment	: 64
address sizes	: 39 bits physical, 48 bits virtual
power management:

processor	: 2
vendor_id	: GenuineIntel
cpu family	: 6
model		: 69
model name	: Intel(R) Core(TM) i5-4210U CPU @ 1.70GHz
stepping	: 1
microcode	: 0x17
cpu MHz		: 2399.906
cache size	: 3072 KB
physical id	: 0
siblings	: 4
core id		: 1
cpu cores	: 2
apicid		: 2
initial apicid	: 2
fpu		: yes
fpu_exception	: yes
cpuid level	: 13
wp		: yes
flags		: fpu vme de pse tsc msr pae mce cx8 apic sep mtrr pge mca cmov pat pse36 clflush dts acpi mmx fxsr sse sse2 ss ht tm pbe syscall nx pdpe1gb rdtscp lm constant_tsc arch_perfmon pebs bts rep_good nopl xtopology nonstop_tsc aperfmperf eagerfpu pni pclmulqdq dtes64 monitor ds_cpl vmx est tm2 ssse3 sdbg fma cx16 xtpr pdcm pcid sse4_1 sse4_2 movbe popcnt tsc_deadline_timer aes xsave avx f16c rdrand lahf_lm abm epb tpr_shadow vnmi flexpriority ept vpid fsgsbase tsc_adjust bmi1 avx2 smep bmi2 erms invpcid xsaveopt dtherm ida arat pln pts
bugs		:
bogomips	: 4789.02
clflush size	: 64
cache_alignment	: 64
address sizes	: 39 bits physical, 48 bits virtual
power management:

processor	: 3
vendor_id	: GenuineIntel
cpu family	: 6
model		: 69
model name	: Intel(R) Core(TM) i5-4210U CPU @ 1.70GHz
stepping	: 1
microcode	: 0x17
cpu MHz		: 2400.000
cache size	: 3072 KB
physical id	: 0
siblings	: 4
core id		: 1
cpu cores	: 2
apicid		: 3
initial apicid	: 3
fpu		: yes
fpu_exception	: yes
cpuid level	: 13
wp		: yes
flags		: fpu vme de pse tsc msr pae mce cx8 apic sep mtrr pge mca cmov pat pse36 clflush dts acpi mmx fxsr sse sse2 ss ht tm pbe syscall nx pdpe1gb rdtscp lm constant_tsc arch_perfmon pebs bts rep_good nopl xtopology nonstop_tsc aperfmperf eagerfpu pni pclmulqdq dtes64 monitor ds_cpl vmx est tm2 ssse3 sdbg fma cx16 xtpr pdcm pcid sse4_1 sse4_2 movbe popcnt tsc_deadline_timer aes xsave avx f16c rdrand lahf_lm abm epb tpr_shadow vnmi flexpriority ept vpid fsgsbase tsc_adjust bmi1 avx2 smep bmi2 erms invpcid xsaveopt dtherm ida arat pln pts
bugs		:
bogomips	: 4789.02
clflush size	: 64
cache_alignment	: 64
address sizes	: 39 bits physical, 48 bits virtual
power management:



Memory: 4k page, physical 8100712k(178916k free), swap 0k(0k free)

vm_info: Java HotSpot(TM) 64-Bit Server VM (25.101-b13) for linux-amd64 JRE (1.8.0_101-b13), built on Jun 22 2016 02:59:44 by "java_re" with gcc 4.3.0 20080428 (Red Hat 4.3.0-8)

time: Tue Oct 18 22:56:25 2016
elapsed time: 7 seconds (0d 0h 0m 7s)

